<?xml version="1.0" encoding="UTF-8"?>
<!-- Generated by org.testng.reporters.JUnitReportReporter -->
<testsuite hostname="masud" failures="0" tests="1" name="question.Testfacebook" time="4.784" errors="0" timestamp="2024-01-02T20:54:37 EST" skipped="0">
  <testcase classname="question.Testfacebook" name="login" time="4.784"/>
</testsuite> <!-- question.Testfacebook -->
